gap-closed.closed-gaps.bed
gap-closed.fasta
workdir/.assembly-test.bps
workdir/.assembly-test.dentist-reads-H.anno
workdir/.assembly-test.dentist-reads-H.data
workdir/.assembly-test.dentist-reads.anno
workdir/.assembly-test.dentist-reads.data
workdir/.assembly-test.dentist-self-H.anno
workdir/.assembly-test.dentist-self-H.data
workdir/.assembly-test.dentist-self.anno
workdir/.assembly-test.dentist-self.data
workdir/.assembly-test.dust.anno
workdir/.assembly-test.dust.data
workdir/.assembly-test.hdr
workdir/.assembly-test.idx
workdir/.assembly-test.tan-H.anno
workdir/.assembly-test.tan-H.data
workdir/.assembly-test.tan.anno
workdir/.assembly-test.tan.data
workdir/.gap-closed-preliminary.bps
workdir/.gap-closed-preliminary.closed-gaps.anno
workdir/.gap-closed-preliminary.closed-gaps.data
workdir/.gap-closed-preliminary.dentist-self.anno
workdir/.gap-closed-preliminary.dentist-self.data
workdir/.gap-closed-preliminary.dentist-weak-coverage.anno
workdir/.gap-closed-preliminary.dentist-weak-coverage.data
workdir/.gap-closed-preliminary.dust.anno
workdir/.gap-closed-preliminary.dust.data
workdir/.gap-closed-preliminary.hdr
workdir/.gap-closed-preliminary.idx
workdir/.gap-closed-preliminary.tan.anno
workdir/.gap-closed-preliminary.tan.data
workdir/.reads.bps
workdir/.reads.dentist-reads-10B.anno
workdir/.reads.dentist-reads-10B.data
workdir/.reads.dentist-reads-11B.anno
workdir/.reads.dentist-reads-11B.data
workdir/.reads.dentist-reads-12B.anno
workdir/.reads.dentist-reads-12B.data
workdir/.reads.dentist-reads-1B.anno
workdir/.reads.dentist-reads-1B.data
workdir/.reads.dentist-reads-2B.anno
workdir/.reads.dentist-reads-2B.data
workdir/.reads.dentist-reads-3B.anno
workdir/.reads.dentist-reads-3B.data
workdir/.reads.dentist-reads-4B.anno
workdir/.reads.dentist-reads-4B.data
workdir/.reads.dentist-reads-5B.anno
workdir/.reads.dentist-reads-5B.data
workdir/.reads.dentist-reads-6B.anno
workdir/.reads.dentist-reads-6B.data
workdir/.reads.dentist-reads-7B.anno
workdir/.reads.dentist-reads-7B.data
workdir/.reads.dentist-reads-8B.anno
workdir/.reads.dentist-reads-8B.data
workdir/.reads.dentist-reads-9B.anno
workdir/.reads.dentist-reads-9B.data
workdir/.reads.dentist-self-10B.anno
workdir/.reads.dentist-self-10B.data
workdir/.reads.dentist-self-11B.anno
workdir/.reads.dentist-self-11B.data
workdir/.reads.dentist-self-12B.anno
workdir/.reads.dentist-self-12B.data
workdir/.reads.dentist-self-1B.anno
workdir/.reads.dentist-self-1B.data
workdir/.reads.dentist-self-2B.anno
workdir/.reads.dentist-self-2B.data
workdir/.reads.dentist-self-3B.anno
workdir/.reads.dentist-self-3B.data
workdir/.reads.dentist-self-4B.anno
workdir/.reads.dentist-self-4B.data
workdir/.reads.dentist-self-5B.anno
workdir/.reads.dentist-self-5B.data
workdir/.reads.dentist-self-6B.anno
workdir/.reads.dentist-self-6B.data
workdir/.reads.dentist-self-7B.anno
workdir/.reads.dentist-self-7B.data
workdir/.reads.dentist-self-8B.anno
workdir/.reads.dentist-self-8B.data
workdir/.reads.dentist-self-9B.anno
workdir/.reads.dentist-self-9B.data
workdir/.reads.idx
workdir/.reads.tan-10B.anno
workdir/.reads.tan-10B.data
workdir/.reads.tan-11B.anno
workdir/.reads.tan-11B.data
workdir/.reads.tan-12B.anno
workdir/.reads.tan-12B.data
workdir/.reads.tan-1B.anno
workdir/.reads.tan-1B.data
workdir/.reads.tan-2B.anno
workdir/.reads.tan-2B.data
workdir/.reads.tan-3B.anno
workdir/.reads.tan-3B.data
workdir/.reads.tan-4B.anno
workdir/.reads.tan-4B.data
workdir/.reads.tan-5B.anno
workdir/.reads.tan-5B.data
workdir/.reads.tan-6B.anno
workdir/.reads.tan-6B.data
workdir/.reads.tan-7B.anno
workdir/.reads.tan-7B.data
workdir/.reads.tan-8B.anno
workdir/.reads.tan-8B.data
workdir/.reads.tan-9B.anno
workdir/.reads.tan-9B.data
workdir/assembly-test.dam
workdir/gap-closed-preliminary.dam
workdir/gap-closed-preliminary.fasta
workdir/reads.db
workdir/validation-report.json
